build/app/intermediates/manifest_merge_blame_file/debug/manifest-merger-blame-debug-report.txt
1<?xml version="1.0" encoding="utf-8"?>
2<manifest xmlns:android="http://schemas.android.com/apk/res/android"
3    package="com.example.zana_storage"
4    android:versionCode="1"
5    android:versionName="1.0.0" >
6
7    <uses-sdk
8        android:minSdkVersion="21"
9        android:targetSdkVersion="29" />
10    <!--
11         Flutter needs it to communicate with the running application
12         to allow setting breakpoints, to provide hot reload, etc.
13    -->
14    <uses-permission android:name="android.permission.INTERNET" />
14-->src/main/AndroidManifest.xml:3:5-67
14-->src/main/AndroidManifest.xml:3:22-64
15    <uses-permission android:name="android.permission.WRITE_EXTERNAL_STORAGE" />
15-->src/main/AndroidManifest.xml:4:5-80
15-->src/main/AndroidManifest.xml:4:22-78
16    <uses-permission android:name="android.permission.CAMERA" />
16-->[:qrscan] AndroidManifest.xml:7:5-65
16-->[:qrscan] AndroidManifest.xml:7:22-62
17    <uses-permission android:name="android.permission.VIBRATE" />
17-->[:qrscan] AndroidManifest.xml:8:5-66
17-->[:qrscan] AndroidManifest.xml:8:22-63
18    <uses-permission android:name="android.permission.FLASHLIGHT" />
18-->[:qrscan] AndroidManifest.xml:9:5-69
18-->[:qrscan] AndroidManifest.xml:9:22-66
19
20    <uses-feature android:name="android.hardware.camera" />
20-->[:qrscan] AndroidManifest.xml:11:5-60
20-->[:qrscan] AndroidManifest.xml:11:19-57
21    <uses-feature android:name="android.hardware.camera.autofocus" />
21-->[:qrscan] AndroidManifest.xml:12:5-70
21-->[:qrscan] AndroidManifest.xml:12:19-67
22
23    <uses-permission android:name="android.permission.WAKE_LOCK" />
23-->[:qrscan] AndroidManifest.xml:14:5-68
23-->[:qrscan] AndroidManifest.xml:14:22-65
24    <uses-permission android:name="android.permission.READ_EXTERNAL_STORAGE" />
24-->[:qrscan] AndroidManifest.xml:15:5-80
24-->[:qrscan] AndroidManifest.xml:15:22-77
25    <uses-permission android:name="android.permission.ACCESS_NETWORK_STATE" />
25-->[androidx.work:work-runtime:2.4.0] AndroidManifest.xml:26:5-79
25-->[androidx.work:work-runtime:2.4.0] AndroidManifest.xml:26:22-76
26    <uses-permission android:name="android.permission.RECEIVE_BOOT_COMPLETED" />
26-->[androidx.work:work-runtime:2.4.0] AndroidManifest.xml:27:5-81
26-->[androidx.work:work-runtime:2.4.0] AndroidManifest.xml:27:22-78
27    <uses-permission android:name="android.permission.FOREGROUND_SERVICE" />
27-->[androidx.work:work-runtime:2.4.0] AndroidManifest.xml:28:5-77
27-->[androidx.work:work-runtime:2.4.0] AndroidManifest.xml:28:22-74
28    <!--
29 io.flutter.app.FlutterApplication is an android.app.Application that
30         calls FlutterMain.startInitialization(this); in its onCreate method.
31         In most cases you can leave this as-is, but you if you want to provide
32         additional functionality it is fine to subclass or reimplement
33         FlutterApplication and put your custom class here.
34    -->
35    <application
35-->src/main/AndroidManifest.xml:11:5-64:19
36        android:name="io.flutter.app.FlutterApplication"
36-->src/main/AndroidManifest.xml:14:9-57
37        android:allowBackup="true"
37-->[:qrscan] AndroidManifest.xml:20:9-35
38        android:appComponentFactory="androidx.core.app.CoreComponentFactory"
38-->[androidx.core:core:1.3.1] AndroidManifest.xml:24:18-86
39        android:configChanges="orientation|keyboardHidden"
39-->[:qrscan] AndroidManifest.xml:21:9-59
40        android:debuggable="true"
41        android:icon="@mipmap/ic_launcher"
41-->src/main/AndroidManifest.xml:16:9-43
42        android:label="zana storage"
42-->src/main/AndroidManifest.xml:15:9-37
43        android:requestLegacyExternalStorage="true"
43-->src/main/AndroidManifest.xml:12:9-52
44        android:screenOrientation="portrait"
44-->[:qrscan] AndroidManifest.xml:23:9-45
45        android:supportsRtl="true"
45-->[:qrscan] AndroidManifest.xml:24:9-35
46        android:theme="@style/Theme.AppCompat.NoActionBar"
46-->[:qrscan] AndroidManifest.xml:25:9-59
47        android:usesCleartextTraffic="true"
47-->src/main/AndroidManifest.xml:13:9-44
48        android:windowSoftInputMode="stateAlwaysHidden" >
48-->[:qrscan] AndroidManifest.xml:26:9-56
49        <activity
49-->src/main/AndroidManifest.xml:17:9-45:20
50            android:name="com.example.zana_storage.MainActivity"
50-->src/main/AndroidManifest.xml:18:13-41
51            android:configChanges="orientation|keyboardHidden|keyboard|screenSize|smallestScreenSize|locale|layoutDirection|fontScale|screenLayout|density|uiMode"
51-->src/main/AndroidManifest.xml:21:13-163
52            android:hardwareAccelerated="true"
52-->src/main/AndroidManifest.xml:22:13-47
53            android:launchMode="singleTop"
53-->src/main/AndroidManifest.xml:19:13-43
54            android:theme="@style/LaunchTheme"
54-->src/main/AndroidManifest.xml:20:13-47
55            android:windowSoftInputMode="adjustResize" >
55-->src/main/AndroidManifest.xml:23:13-55
56
57            <!--
58                 Specifies an Android theme to apply to this Activity as soon as
59                 the Android process has started. This theme is visible to the user
60                 while the Flutter UI initializes. After that, this theme continues
61                 to determine the Window background behind the Flutter UI.
62            -->
63            <meta-data
63-->src/main/AndroidManifest.xml:28:13-31:17
64                android:name="io.flutter.embedding.android.NormalTheme"
64-->src/main/AndroidManifest.xml:29:15-70
65                android:resource="@style/NormalTheme" />
65-->src/main/AndroidManifest.xml:30:15-52
66            <!--
67                 Displays an Android View that continues showing the launch screen
68                 Drawable until Flutter paints its first frame, then this splash
69                 screen fades out. A splash screen is useful to avoid any visual
70                 gap between the end of Android's launch screen and the painting of
71                 Flutter's first frame.
72            -->
73            <meta-data
73-->src/main/AndroidManifest.xml:37:13-40:17
74                android:name="io.flutter.embedding.android.SplashScreenDrawable"
74-->src/main/AndroidManifest.xml:38:15-79
75                android:resource="@drawable/launch_background" />
75-->src/main/AndroidManifest.xml:39:15-61
76
77            <intent-filter>
77-->src/main/AndroidManifest.xml:41:13-44:29
78                <action android:name="android.intent.action.MAIN" />
78-->src/main/AndroidManifest.xml:42:17-68
78-->src/main/AndroidManifest.xml:42:25-66
79
80                <category android:name="android.intent.category.LAUNCHER" />
80-->src/main/AndroidManifest.xml:43:17-76
80-->src/main/AndroidManifest.xml:43:27-74
81            </intent-filter>
82        </activity>
83        <activity
83-->src/main/AndroidManifest.xml:46:9-49:71
84            android:name="com.yalantis.ucrop.UCropActivity"
84-->src/main/AndroidManifest.xml:47:13-60
85            android:screenOrientation="portrait"
85-->src/main/AndroidManifest.xml:48:13-49
86            android:theme="@style/Theme.AppCompat.Light.NoActionBar" />
86-->src/main/AndroidManifest.xml:49:13-69
87        <!--
88             Don't delete the meta-data below.
89             This is used by the Flutter tool to generate GeneratedPluginRegistrant.java
90        -->
91        <meta-data
91-->src/main/AndroidManifest.xml:52:9-54:33
92            android:name="flutterEmbedding"
92-->src/main/AndroidManifest.xml:53:13-44
93            android:value="2" />
93-->src/main/AndroidManifest.xml:54:13-30
94
95        <provider
96            android:name="vn.hunghd.flutterdownloader.DownloadedFileProvider"
97            android:authorities="com.example.zana_storage.flutter_downloader.provider"
98            android:exported="false"
99            android:grantUriPermissions="true" >
100            <meta-data
100-->[:image_picker] AndroidManifest.xml:16:13-18:75
101                android:name="android.support.FILE_PROVIDER_PATHS"
101-->[:image_picker] AndroidManifest.xml:17:17-67
102                android:resource="@xml/provider_paths" />
102-->[:image_picker] AndroidManifest.xml:18:17-72
103        </provider>
104
105        <activity android:name="com.shinow.qrscan.SecondActivity" />
105-->[:qrscan] AndroidManifest.xml:27:9-69
105-->[:qrscan] AndroidManifest.xml:27:19-66
106
107        <provider
107-->[:image_picker] AndroidManifest.xml:11:9-19:20
108            android:name="io.flutter.plugins.imagepicker.ImagePickerFileProvider"
108-->[:image_picker] AndroidManifest.xml:12:13-82
109            android:authorities="com.example.zana_storage.flutter.image_provider"
109-->[:image_picker] AndroidManifest.xml:13:13-74
110            android:exported="false"
110-->[:image_picker] AndroidManifest.xml:14:13-37
111            android:grantUriPermissions="true" >
111-->[:image_picker] AndroidManifest.xml:15:13-47
112            <meta-data
112-->[:image_picker] AndroidManifest.xml:16:13-18:75
113                android:name="android.support.FILE_PROVIDER_PATHS"
113-->[:image_picker] AndroidManifest.xml:17:17-67
114                android:resource="@xml/flutter_image_picker_file_paths" />
114-->[:image_picker] AndroidManifest.xml:18:17-72
115        </provider>
116
117        <activity
117-->[com.github.leyan95:android-zxingLibrary:0.1.2-PRE] AndroidManifest.xml:14:9-19:63
118            android:name="com.uuzuche.lib_zxing.activity.CaptureActivity"
118-->[com.github.leyan95:android-zxingLibrary:0.1.2-PRE] AndroidManifest.xml:15:13-74
119            android:configChanges="orientation|keyboardHidden"
119-->[com.github.leyan95:android-zxingLibrary:0.1.2-PRE] AndroidManifest.xml:16:13-63
120            android:screenOrientation="portrait"
120-->[com.github.leyan95:android-zxingLibrary:0.1.2-PRE] AndroidManifest.xml:17:13-49
121            android:theme="@style/Theme.AppCompat.NoActionBar"
121-->[com.github.leyan95:android-zxingLibrary:0.1.2-PRE] AndroidManifest.xml:18:13-63
122            android:windowSoftInputMode="stateAlwaysHidden" />
122-->[com.github.leyan95:android-zxingLibrary:0.1.2-PRE] AndroidManifest.xml:19:13-60
123
124        <provider
124-->[androidx.work:work-runtime:2.4.0] AndroidManifest.xml:31:9-37:35
125            android:name="androidx.work.impl.WorkManagerInitializer"
125-->[androidx.work:work-runtime:2.4.0] AndroidManifest.xml:32:13-69
126            android:authorities="com.example.zana_storage.workmanager-init"
126-->[androidx.work:work-runtime:2.4.0] AndroidManifest.xml:33:13-68
127            android:directBootAware="false"
127-->[androidx.work:work-runtime:2.4.0] AndroidManifest.xml:34:13-44
128            android:exported="false"
128-->[androidx.work:work-runtime:2.4.0] AndroidManifest.xml:35:13-37
129            android:multiprocess="true" />
129-->[androidx.work:work-runtime:2.4.0] AndroidManifest.xml:36:13-40
130
131        <service
131-->[androidx.work:work-runtime:2.4.0] AndroidManifest.xml:39:9-44:35
132            android:name="androidx.work.impl.background.systemalarm.SystemAlarmService"
132-->[androidx.work:work-runtime:2.4.0] AndroidManifest.xml:40:13-88
133            android:directBootAware="false"
133-->[androidx.work:work-runtime:2.4.0] AndroidManifest.xml:41:13-44
134            android:enabled="@bool/enable_system_alarm_service_default"
134-->[androidx.work:work-runtime:2.4.0] AndroidManifest.xml:42:13-72
135            android:exported="false" />
135-->[androidx.work:work-runtime:2.4.0] AndroidManifest.xml:43:13-37
136        <service
136-->[androidx.work:work-runtime:2.4.0] AndroidManifest.xml:45:9-51:35
137            android:name="androidx.work.impl.background.systemjob.SystemJobService"
137-->[androidx.work:work-runtime:2.4.0] AndroidManifest.xml:46:13-84
138            android:directBootAware="false"
138-->[androidx.work:work-runtime:2.4.0] AndroidManifest.xml:47:13-44
139            android:enabled="@bool/enable_system_job_service_default"
139-->[androidx.work:work-runtime:2.4.0] AndroidManifest.xml:48:13-70
140            android:exported="true"
140-->[androidx.work:work-runtime:2.4.0] AndroidManifest.xml:49:13-36
141            android:permission="android.permission.BIND_JOB_SERVICE" />
141-->[androidx.work:work-runtime:2.4.0] AndroidManifest.xml:50:13-69
142        <service
142-->[androidx.work:work-runtime:2.4.0] AndroidManifest.xml:52:9-57:35
143            android:name="androidx.work.impl.foreground.SystemForegroundService"
143-->[androidx.work:work-runtime:2.4.0] AndroidManifest.xml:53:13-81
144            android:directBootAware="false"
144-->[androidx.work:work-runtime:2.4.0] AndroidManifest.xml:54:13-44
145            android:enabled="@bool/enable_system_foreground_service_default"
145-->[androidx.work:work-runtime:2.4.0] AndroidManifest.xml:55:13-77
146            android:exported="false" />
146-->[androidx.work:work-runtime:2.4.0] AndroidManifest.xml:56:13-37
147
148        <receiver
148-->[androidx.work:work-runtime:2.4.0] AndroidManifest.xml:59:9-64:35
149            android:name="androidx.work.impl.utils.ForceStopRunnable$BroadcastReceiver"
149-->[androidx.work:work-runtime:2.4.0] AndroidManifest.xml:60:13-88
150            android:directBootAware="false"
150-->[androidx.work:work-runtime:2.4.0] AndroidManifest.xml:61:13-44
151            android:enabled="true"
151-->[androidx.work:work-runtime:2.4.0] AndroidManifest.xml:62:13-35
152            android:exported="false" />
152-->[androidx.work:work-runtime:2.4.0] AndroidManifest.xml:63:13-37
153        <receiver
153-->[androidx.work:work-runtime:2.4.0] AndroidManifest.xml:65:9-75:20
154            android:name="androidx.work.impl.background.systemalarm.ConstraintProxy$BatteryChargingProxy"
154-->[androidx.work:work-runtime:2.4.0] AndroidManifest.xml:66:13-106
155            android:directBootAware="false"
155-->[androidx.work:work-runtime:2.4.0] AndroidManifest.xml:67:13-44
156            android:enabled="false"
156-->[androidx.work:work-runtime:2.4.0] AndroidManifest.xml:68:13-36
157            android:exported="false" >
157-->[androidx.work:work-runtime:2.4.0] AndroidManifest.xml:69:13-37
158            <intent-filter>
158-->[androidx.work:work-runtime:2.4.0] AndroidManifest.xml:71:13-74:29
159                <action android:name="android.intent.action.ACTION_POWER_CONNECTED" />
159-->[androidx.work:work-runtime:2.4.0] AndroidManifest.xml:72:17-87
159-->[androidx.work:work-runtime:2.4.0] AndroidManifest.xml:72:25-84
160                <action android:name="android.intent.action.ACTION_POWER_DISCONNECTED" />
160-->[androidx.work:work-runtime:2.4.0] AndroidManifest.xml:73:17-90
160-->[androidx.work:work-runtime:2.4.0] AndroidManifest.xml:73:25-87
161            </intent-filter>
162        </receiver>
163        <receiver
163-->[androidx.work:work-runtime:2.4.0] AndroidManifest.xml:76:9-86:20
164            android:name="androidx.work.impl.background.systemalarm.ConstraintProxy$BatteryNotLowProxy"
164-->[androidx.work:work-runtime:2.4.0] AndroidManifest.xml:77:13-104
165            android:directBootAware="false"
165-->[androidx.work:work-runtime:2.4.0] AndroidManifest.xml:78:13-44
166            android:enabled="false"
166-->[androidx.work:work-runtime:2.4.0] AndroidManifest.xml:79:13-36
167            android:exported="false" >
167-->[androidx.work:work-runtime:2.4.0] AndroidManifest.xml:80:13-37
168            <intent-filter>
168-->[androidx.work:work-runtime:2.4.0] AndroidManifest.xml:82:13-85:29
169                <action android:name="android.intent.action.BATTERY_OKAY" />
169-->[androidx.work:work-runtime:2.4.0] AndroidManifest.xml:83:17-77
169-->[androidx.work:work-runtime:2.4.0] AndroidManifest.xml:83:25-74
170                <action android:name="android.intent.action.BATTERY_LOW" />
170-->[androidx.work:work-runtime:2.4.0] AndroidManifest.xml:84:17-76
170-->[androidx.work:work-runtime:2.4.0] AndroidManifest.xml:84:25-73
171            </intent-filter>
172        </receiver>
173        <receiver
173-->[androidx.work:work-runtime:2.4.0] AndroidManifest.xml:87:9-97:20
174            android:name="androidx.work.impl.background.systemalarm.ConstraintProxy$StorageNotLowProxy"
174-->[androidx.work:work-runtime:2.4.0] AndroidManifest.xml:88:13-104
175            android:directBootAware="false"
175-->[androidx.work:work-runtime:2.4.0] AndroidManifest.xml:89:13-44
176            android:enabled="false"
176-->[androidx.work:work-runtime:2.4.0] AndroidManifest.xml:90:13-36
177            android:exported="false" >
177-->[androidx.work:work-runtime:2.4.0] AndroidManifest.xml:91:13-37
178            <intent-filter>
178-->[androidx.work:work-runtime:2.4.0] AndroidManifest.xml:93:13-96:29
179                <action android:name="android.intent.action.DEVICE_STORAGE_LOW" />
179-->[androidx.work:work-runtime:2.4.0] AndroidManifest.xml:94:17-83
179-->[androidx.work:work-runtime:2.4.0] AndroidManifest.xml:94:25-80
180                <action android:name="android.intent.action.DEVICE_STORAGE_OK" />
180-->[androidx.work:work-runtime:2.4.0] AndroidManifest.xml:95:17-82
180-->[androidx.work:work-runtime:2.4.0] AndroidManifest.xml:95:25-79
181            </intent-filter>
182        </receiver>
183        <receiver
183-->[androidx.work:work-runtime:2.4.0] AndroidManifest.xml:98:9-107:20
184            android:name="androidx.work.impl.background.systemalarm.ConstraintProxy$NetworkStateProxy"
184-->[androidx.work:work-runtime:2.4.0] AndroidManifest.xml:99:13-103
185            android:directBootAware="false"
185-->[androidx.work:work-runtime:2.4.0] AndroidManifest.xml:100:13-44
186            android:enabled="false"
186-->[androidx.work:work-runtime:2.4.0] AndroidManifest.xml:101:13-36
187            android:exported="false" >
187-->[androidx.work:work-runtime:2.4.0] AndroidManifest.xml:102:13-37
188            <intent-filter>
188-->[androidx.work:work-runtime:2.4.0] AndroidManifest.xml:104:13-106:29
189                <action android:name="android.net.conn.CONNECTIVITY_CHANGE" />
189-->[androidx.work:work-runtime:2.4.0] AndroidManifest.xml:105:17-79
189-->[androidx.work:work-runtime:2.4.0] AndroidManifest.xml:105:25-76
190            </intent-filter>
191        </receiver>
192        <receiver
192-->[androidx.work:work-runtime:2.4.0] AndroidManifest.xml:108:9-119:20
193            android:name="androidx.work.impl.background.systemalarm.RescheduleReceiver"
193-->[androidx.work:work-runtime:2.4.0] AndroidManifest.xml:109:13-88
194            android:directBootAware="false"
194-->[androidx.work:work-runtime:2.4.0] AndroidManifest.xml:110:13-44
195            android:enabled="false"
195-->[androidx.work:work-runtime:2.4.0] AndroidManifest.xml:111:13-36
196            android:exported="false" >
196-->[androidx.work:work-runtime:2.4.0] AndroidManifest.xml:112:13-37
197            <intent-filter>
197-->[androidx.work:work-runtime:2.4.0] AndroidManifest.xml:114:13-118:29
198                <action android:name="android.intent.action.BOOT_COMPLETED" />
198-->[androidx.work:work-runtime:2.4.0] AndroidManifest.xml:115:17-79
198-->[androidx.work:work-runtime:2.4.0] AndroidManifest.xml:115:25-76
199                <action android:name="android.intent.action.TIME_SET" />
199-->[androidx.work:work-runtime:2.4.0] AndroidManifest.xml:116:17-73
199-->[androidx.work:work-runtime:2.4.0] AndroidManifest.xml:116:25-70
200                <action android:name="android.intent.action.TIMEZONE_CHANGED" />
200-->[androidx.work:work-runtime:2.4.0] AndroidManifest.xml:117:17-81
200-->[androidx.work:work-runtime:2.4.0] AndroidManifest.xml:117:25-78
201            </intent-filter>
202        </receiver>
203        <receiver
203-->[androidx.work:work-runtime:2.4.0] AndroidManifest.xml:120:9-129:20
204            android:name="androidx.work.impl.background.systemalarm.ConstraintProxyUpdateReceiver"
204-->[androidx.work:work-runtime:2.4.0] AndroidManifest.xml:121:13-99
205            android:directBootAware="false"
205-->[androidx.work:work-runtime:2.4.0] AndroidManifest.xml:122:13-44
206            android:enabled="@bool/enable_system_alarm_service_default"
206-->[androidx.work:work-runtime:2.4.0] AndroidManifest.xml:123:13-72
207            android:exported="false" >
207-->[androidx.work:work-runtime:2.4.0] AndroidManifest.xml:124:13-37
208            <intent-filter>
208-->[androidx.work:work-runtime:2.4.0] AndroidManifest.xml:126:13-128:29
209                <action android:name="androidx.work.impl.background.systemalarm.UpdateProxies" />
209-->[androidx.work:work-runtime:2.4.0] AndroidManifest.xml:127:17-98
209-->[androidx.work:work-runtime:2.4.0] AndroidManifest.xml:127:25-95
210            </intent-filter>
211        </receiver>
212        <receiver
212-->[androidx.work:work-runtime:2.4.0] AndroidManifest.xml:130:9-140:20
213            android:name="androidx.work.impl.diagnostics.DiagnosticsReceiver"
213-->[androidx.work:work-runtime:2.4.0] AndroidManifest.xml:131:13-78
214            android:directBootAware="false"
214-->[androidx.work:work-runtime:2.4.0] AndroidManifest.xml:132:13-44
215            android:enabled="true"
215-->[androidx.work:work-runtime:2.4.0] AndroidManifest.xml:133:13-35
216            android:exported="true"
216-->[androidx.work:work-runtime:2.4.0] AndroidManifest.xml:134:13-36
217            android:permission="android.permission.DUMP" >
217-->[androidx.work:work-runtime:2.4.0] AndroidManifest.xml:135:13-57
218            <intent-filter>
218-->[androidx.work:work-runtime:2.4.0] AndroidManifest.xml:137:13-139:29
219                <action android:name="androidx.work.diagnostics.REQUEST_DIAGNOSTICS" />
219-->[androidx.work:work-runtime:2.4.0] AndroidManifest.xml:138:17-88
219-->[androidx.work:work-runtime:2.4.0] AndroidManifest.xml:138:25-85
220            </intent-filter>
221        </receiver>
222
223        <provider
223-->[com.squareup.picasso:picasso:2.71828] AndroidManifest.xml:8:9-11:40
224            android:name="com.squareup.picasso.PicassoProvider"
224-->[com.squareup.picasso:picasso:2.71828] AndroidManifest.xml:9:13-64
225            android:authorities="com.example.zana_storage.com.squareup.picasso"
225-->[com.squareup.picasso:picasso:2.71828] AndroidManifest.xml:10:13-72
226            android:exported="false" />
226-->[com.squareup.picasso:picasso:2.71828] AndroidManifest.xml:11:13-37
227
228        <service
228-->[androidx.room:room-runtime:2.2.5] AndroidManifest.xml:25:9-28:40
229            android:name="androidx.room.MultiInstanceInvalidationService"
229-->[androidx.room:room-runtime:2.2.5] AndroidManifest.xml:26:13-74
230            android:directBootAware="true"
230-->[androidx.room:room-runtime:2.2.5] AndroidManifest.xml:27:13-43
231            android:exported="false" />
231-->[androidx.room:room-runtime:2.2.5] AndroidManifest.xml:28:13-37
232    </application>
233
234</manifest>